# JRE version: OpenJDK Runtime Environment (8.0_152-b02) (build 1.8.0_152-release-1024-b02)
# Java VM: OpenJDK 64-Bit Server VM (25.152-b02 mixed mode windows-amd64 compressed oops)
Heap:
 PSYoungGen      total 273408K, used 23286K [0x00000000e0000000, 0x00000000f6b80000, 0x0000000100000000)
  eden space 250880K, 3% used [0x00000000e0000000,0x00000000e085ada0,0x00000000ef500000)
  from space 22528K, 65% used [0x00000000ef500000,0x00000000f0362c18,0x00000000f0b00000)
  to   space 23552K, 0% used [0x00000000f5480000,0x00000000f5480000,0x00000000f6b80000)
 ParOldGen       total 121856K, used 56228K [0x00000000a0000000, 0x00000000a7700000, 0x00000000e0000000)
  object space 121856K, 46% used [0x00000000a0000000,0x00000000a36e93c8,0x00000000a7700000)
 Metaspace       used 76100K, capacity 79374K, committed 79576K, reserved 1118208K
  class space    used 9979K, capacity 10660K, committed 10752K, reserved 1048576K
GC Heap History (10 events):
Event: 37.141 GC heap before
{Heap before GC invocations=16 (full 3):
 PSYoungGen      total 166912K, used 5318K [0x00000000e0000000, 0x00000000ee580000, 0x0000000100000000)
  eden space 148480K, 0% used [0x00000000e0000000,0x00000000e0000000,0x00000000e9100000)
  from space 18432K, 28% used [0x00000000e9100000,0x00000000e96319b8,0x00000000ea300000)
  to   space 17920K, 0% used [0x00000000ed400000,0x00000000ed400000,0x00000000ee580000)
 ParOldGen       total 79872K, used 32435K [0x00000000a0000000, 0x00000000a4e00000, 0x00000000e0000000)
  object space 79872K, 40% used [0x00000000a0000000,0x00000000a1facef0,0x00000000a4e00000)
 Metaspace       used 57316K, capacity 58984K, committed 59028K, reserved 1099776K
  class space    used 7777K, capacity 8187K, committed 8192K, reserved 1048576K
Event: 37.453 GC heap after
Heap after GC invocations=16 (full 3):
 PSYoungGen      total 166912K, used 0K [0x00000000e0000000, 0x00000000ee580000, 0x0000000100000000)
  eden space 148480K, 0% used [0x00000000e0000000,0x00000000e0000000,0x00000000e9100000)
  from space 18432K, 0% used [0x00000000e9100000,0x00000000e9100000,0x00000000ea300000)
  to   space 17920K, 0% used [0x00000000ed400000,0x00000000ed400000,0x00000000ee580000)
 ParOldGen       total 121856K, used 34389K [0x00000000a0000000, 0x00000000a7700000, 0x00000000e0000000)
  object space 121856K, 28% used [0x00000000a0000000,0x00000000a2195748,0x00000000a7700000)
 Metaspace       used 57316K, capacity 58984K, committed 59028K, reserved 1099776K
  class space    used 7777K, capacity 8187K, committed 8192K, reserved 1048576K
}
Event: 45.075 GC heap before
{Heap before GC invocations=17 (full 3):
 PSYoungGen      total 166912K, used 148480K [0x00000000e0000000, 0x00000000ee580000, 0x0000000100000000)
  eden space 148480K, 100% used [0x00000000e0000000,0x00000000e9100000,0x00000000e9100000)
  from space 18432K, 0% used [0x00000000e9100000,0x00000000e9100000,0x00000000ea300000)
  to   space 17920K, 0% used [0x00000000ed400000,0x00000000ed400000,0x00000000ee580000)
 ParOldGen       total 121856K, used 34389K [0x00000000a0000000, 0x00000000a7700000, 0x00000000e0000000)
  object space 121856K, 28% used [0x00000000a0000000,0x00000000a2195748,0x00000000a7700000)
 Metaspace       used 69897K, capacity 72736K, committed 73048K, reserved 1112064K
  class space    used 9399K, capacity 10009K, committed 10112K, reserved 1048576K
Event: 45.147 GC heap after
Heap after GC invocations=17 (full 3):
 PSYoungGen      total 211968K, used 17890K [0x00000000e0000000, 0x00000000eea80000, 0x0000000100000000)
  eden space 194048K, 0% used [0x00000000e0000000,0x00000000e0000000,0x00000000ebd80000)
  from space 17920K, 99% used [0x00000000ed400000,0x00000000ee578b38,0x00000000ee580000)
  to   space 23040K, 0% used [0x00000000ebd80000,0x00000000ebd80000,0x00000000ed400000)
 ParOldGen       total 121856K, used 41252K [0x00000000a0000000, 0x00000000a7700000, 0x00000000e0000000)
  object space 121856K, 33% used [0x00000000a0000000,0x00000000a2849070,0x00000000a7700000)
 Metaspace       used 69897K, capacity 72736K, committed 73048K, reserved 1112064K
  class space    used 9399K, capacity 10009K, committed 10112K, reserved 1048576K
}
Event: 49.070 GC heap before
{Heap before GC invocations=18 (full 3):
 PSYoungGen      total 211968K, used 211265K [0x00000000e0000000, 0x00000000eea80000, 0x0000000100000000)
  eden space 194048K, 99% used [0x00000000e0000000,0x00000000ebcd7aa0,0x00000000ebd80000)
  from space 17920K, 99% used [0x00000000ed400000,0x00000000ee578b38,0x00000000ee580000)
  to   space 23040K, 0% used [0x00000000ebd80000,0x00000000ebd80000,0x00000000ed400000)
 ParOldGen       total 121856K, used 41252K [0x00000000a0000000, 0x00000000a7700000, 0x00000000e0000000)
  object space 121856K, 33% used [0x00000000a0000000,0x00000000a2849070,0x00000000a7700000)
 Metaspace       used 72233K, capacity 75308K, committed 75608K, reserved 1114112K
  class space    used 9640K, capacity 10309K, committed 10368K, reserved 1048576K
Event: 49.104 GC heap after
Heap after GC invocations=18 (full 3):
 PSYoungGen      total 217088K, used 10929K [0x00000000e0000000, 0x00000000f2080000, 0x0000000100000000)
  eden space 194048K, 0% used [0x00000000e0000000,0x00000000e0000000,0x00000000ebd80000)
  from space 23040K, 47% used [0x00000000ebd80000,0x00000000ec82c4c0,0x00000000ed400000)
  to   space 22016K, 0% used [0x00000000f0b00000,0x00000000f0b00000,0x00000000f2080000)
 ParOldGen       total 121856K, used 49890K [0x00000000a0000000, 0x00000000a7700000, 0x00000000e0000000)
  object space 121856K, 40% used [0x00000000a0000000,0x00000000a30b8be8,0x00000000a7700000)
 Metaspace       used 72233K, capacity 75308K, committed 75608K, reserved 1114112K
  class space    used 9640K, capacity 10309K, committed 10368K, reserved 1048576K
}
Event: 49.147 GC heap before
{Heap before GC invocations=19 (full 3):
 PSYoungGen      total 217088K, used 204267K [0x00000000e0000000, 0x00000000f2080000, 0x0000000100000000)
  eden space 194048K, 99% used [0x00000000e0000000,0x00000000ebccea50,0x00000000ebd80000)
  from space 23040K, 47% used [0x00000000ebd80000,0x00000000ec82c4c0,0x00000000ed400000)
  to   space 22016K, 0% used [0x00000000f0b00000,0x00000000f0b00000,0x00000000f2080000)
 ParOldGen       total 121856K, used 49890K [0x00000000a0000000, 0x00000000a7700000, 0x00000000e0000000)
  object space 121856K, 40% used [0x00000000a0000000,0x00000000a30b8be8,0x00000000a7700000)
 Metaspace       used 72239K, capacity 75372K, committed 75608K, reserved 1114112K
  class space    used 9640K, capacity 10309K, committed 10368K, reserved 1048576K
Event: 49.155 GC heap after
Heap after GC invocations=19 (full 3):
 PSYoungGen      total 272896K, used 96K [0x00000000e0000000, 0x00000000f4400000, 0x0000000100000000)
  eden space 250880K, 0% used [0x00000000e0000000,0x00000000e0000000,0x00000000ef500000)
  from space 22016K, 0% used [0x00000000f0b00000,0x00000000f0b18000,0x00000000f2080000)
  to   space 22528K, 0% used [0x00000000ef500000,0x00000000ef500000,0x00000000f0b00000)
 ParOldGen       total 121856K, used 56196K [0x00000000a0000000, 0x00000000a7700000, 0x00000000e0000000)
  object space 121856K, 46% used [0x00000000a0000000,0x00000000a36e13c8,0x00000000a7700000)
 Metaspace       used 72239K, capacity 75372K, committed 75608K, reserved 1114112K
  class space    used 9640K, capacity 10309K, committed 10368K, reserved 1048576K
}
Event: 3635.373 GC heap before
{Heap before GC invocations=20 (full 3):
 PSYoungGen      total 272896K, used 250976K [0x00000000e0000000, 0x00000000f4400000, 0x0000000100000000)
  eden space 250880K, 100% used [0x00000000e0000000,0x00000000ef500000,0x00000000ef500000)
  from space 22016K, 0% used [0x00000000f0b00000,0x00000000f0b18000,0x00000000f2080000)
  to   space 22528K, 0% used [0x00000000ef500000,0x00000000ef500000,0x00000000f0b00000)
 ParOldGen       total 121856K, used 56196K [0x00000000a0000000, 0x00000000a7700000, 0x00000000e0000000)
  object space 121856K, 46% used [0x00000000a0000000,0x00000000a36e13c8,0x00000000a7700000)
 Metaspace       used 76096K, capacity 79374K, committed 79576K, reserved 1118208K
  class space    used 9979K, capacity 10660K, committed 10752K, reserved 1048576K
Event: 3635.517 GC heap after
Heap after GC invocations=20 (full 3):
 PSYoungGen      total 273408K, used 14731K [0x00000000e0000000, 0x00000000f6b80000, 0x0000000100000000)
  eden space 250880K, 0% used [0x00000000e0000000,0x00000000e0000000,0x00000000ef500000)
  from space 22528K, 65% used [0x00000000ef500000,0x00000000f0362c18,0x00000000f0b00000)
  to   space 23552K, 0% used [0x00000000f5480000,0x00000000f5480000,0x00000000f6b80000)
 ParOldGen       total 121856K, used 56228K [0x00000000a0000000, 0x00000000a7700000, 0x00000000e0000000)
  object space 121856K, 46% used [0x00000000a0000000,0x00000000a36e93c8,0x00000000a7700000)
 Metaspace       used 76096K, capacity 79374K, committed 79576K, reserved 1118208K
  class space    used 9979K, capacity 10660K, committed 10752K, reserved 1048576K
}

